INFO (2025-08-08 10:20:26): 数据库表已检查/创建完成。 (Line: 48 [AISearchServer.py])
INFO (2025-08-08 10:20:26): 配置管理器已初始化。 (Line: 50 [AISearchServer.py])
INFO (2025-08-08 10:23:52): 用户登录尝试: hello1 (Line: 360 [AISearchServer.py])
WARNING (2025-08-08 10:23:52): 用户登录失败: hello1 (Line: 366 [AISearchServer.py])
INFO (2025-08-08 10:23:55): 用户登录尝试: hello (Line: 360 [AISearchServer.py])
INFO (2025-08-08 10:23:55): 用户登录成功: hello (Line: 369 [AISearchServer.py])
INFO (2025-08-08 10:23:55): Google search disabled (Line: 85 [config_manager.py])
INFO (2025-08-08 10:23:55): Final configured status: True (Line: 87 [config_manager.py])
INFO (2025-08-08 10:23:55): Google search disabled (Line: 85 [config_manager.py])
INFO (2025-08-08 10:23:55): Final configured status: True (Line: 87 [config_manager.py])
INFO (2025-08-08 10:24:14): Google search disabled (Line: 85 [config_manager.py])
INFO (2025-08-08 10:24:14): Final configured status: True (Line: 87 [config_manager.py])
INFO (2025-08-08 10:24:15): 获取session_id:b5136ca0-3d44-44d4-865e-3b0ebc2c9a51的会话消息: [{'role': 'user', 'content': '66', 'timestamp': '2025-08-08 10:24:12'}, {'role': 'assistant', 'content': '{"text": "你好！当前日期是2025年8月8日。有什么我可以帮助你的吗？", "references": []}', 'timestamp': '2025-08-08 10:24:13'}] (Line: 340 [AISearchServer.py])
INFO (2025-08-08 10:24:15): 获取session_id:b5136ca0-3d44-44d4-865e-3b0ebc2c9a51的会话消息: [{'role': 'user', 'content': '66', 'timestamp': '2025-08-08 10:24:12'}, {'role': 'assistant', 'content': '{"text": "你好！当前日期是2025年8月8日。有什么我可以帮助你的吗？", "references": []}', 'timestamp': '2025-08-08 10:24:13'}] (Line: 340 [AISearchServer.py])
INFO (2025-08-08 10:24:15): Google search disabled (Line: 85 [config_manager.py])
INFO (2025-08-08 10:24:15): Final configured status: True (Line: 87 [config_manager.py])
INFO (2025-08-08 10:24:15): 获取session_id:b5136ca0-3d44-44d4-865e-3b0ebc2c9a51的会话消息: [{'role': 'user', 'content': '66', 'timestamp': '2025-08-08 10:24:12'}, {'role': 'assistant', 'content': '{"text": "你好！当前日期是2025年8月8日。有什么我可以帮助你的吗？", "references": []}', 'timestamp': '2025-08-08 10:24:13'}] (Line: 340 [AISearchServer.py])
INFO (2025-08-08 10:24:15): 获取session_id:b5136ca0-3d44-44d4-865e-3b0ebc2c9a51的会话消息: [{'role': 'user', 'content': '66', 'timestamp': '2025-08-08 10:24:12'}, {'role': 'assistant', 'content': '{"text": "你好！当前日期是2025年8月8日。有什么我可以帮助你的吗？", "references": []}', 'timestamp': '2025-08-08 10:24:13'}] (Line: 340 [AISearchServer.py])
INFO (2025-08-08 10:24:32): 获取session_id:b5136ca0-3d44-44d4-865e-3b0ebc2c9a51的会话消息: [{'role': 'user', 'content': '66', 'timestamp': '2025-08-08 10:24:12'}, {'role': 'assistant', 'content': '{"text": "你好！当前日期是2025年8月8日。有什么我可以帮助你的吗？", "references": []}', 'timestamp': '2025-08-08 10:24:13'}, {'role': 'user', 'content': 'ok啦', 'timestamp': '2025-08-08 10:24:24'}, {'role': 'assistant', 'content': '{"text": "你好！当前日期是2025年8月8日。有什么我可以帮助你的吗？", "references": []}', 'timestamp': '2025-08-08 10:24:25'}] (Line: 340 [AISearchServer.py])
INFO (2025-08-08 10:24:32): 获取session_id:b5136ca0-3d44-44d4-865e-3b0ebc2c9a51的会话消息: [{'role': 'user', 'content': '66', 'timestamp': '2025-08-08 10:24:12'}, {'role': 'assistant', 'content': '{"text": "你好！当前日期是2025年8月8日。有什么我可以帮助你的吗？", "references": []}', 'timestamp': '2025-08-08 10:24:13'}, {'role': 'user', 'content': 'ok啦', 'timestamp': '2025-08-08 10:24:24'}, {'role': 'assistant', 'content': '{"text": "你好！当前日期是2025年8月8日。有什么我可以帮助你的吗？", "references": []}', 'timestamp': '2025-08-08 10:24:25'}] (Line: 340 [AISearchServer.py])
